<?xml version="1.0" encoding="UTF-8"?>
<testsuite xmlns:xsi="http://www.w3.org/2001/XMLSchema-instance" xsi:schemaLocation="https://maven.apache.org/surefire/maven-surefire-plugin/xsd/surefire-test-report.xsd" name="com.maxon.auto.Maxon.RunCukes" time="90.57" tests="48" errors="6" skipped="29" failures="0">
  <properties>
[...]
</properties>
  <testcase name="Given I am a Good tester" classname="| Good | Complete | Salutes | Hates |" time="0.003"/>
  <testcase name="When I go to work Credentials" classname="| Good | Complete | Salutes | Hates |" time="0.013">
    <error message="No such field com.maxon.auto.stepdef.Userdata.username" type="cucumber.runtime.CucumberException">cucumber.runtime.CucumberException: No such field com.maxon.auto.stepdef.Userdata.username
</error>
  </testcase>
  <testcase name="| Good | Complete | Salutes | Hates |" classname="| Good | Complete | Salutes | Hates |" time="0.014">
    <error message="No such field com.maxon.auto.stepdef.Userdata.username" type="cucumber.runtime.CucumberException">cucumber.runtime.CucumberException: No such field com.maxon.auto.stepdef.Userdata.username
</error>
  </testcase>
  <testcase name="Then I Complete it" classname="| Good | Complete | Salutes | Hates |" time="0">
    <skipped/>
  </testcase>
  <testcase name="And My boss Salutes me" classname="| Good | Complete | Salutes | Hates |" time="0">
    <skipped/>
  </testcase>
  <testcase name="But The develope Hates me" classname="| Good | Complete | Salutes | Hates |" time="0">
    <skipped/>
  </testcase>
  <testcase name="Given I am a Bad tester" classname="| Bad | Mess | Fires | Likes |" time="0"/>
  <testcase name="When I go to work Credentials" classname="| Bad | Mess | Fires | Likes |" time="0.006">
    <error message="No such field com.maxon.auto.stepdef.Userdata.username" type="cucumber.runtime.CucumberException">cucumber.runtime.CucumberException: No such field com.maxon.auto.stepdef.Userdata.username
</error>
  </testcase>
  <testcase name="| Bad | Mess | Fires | Likes |" classname="| Bad | Mess | Fires | Likes |" time="0.008">
    <error message="No such field com.maxon.auto.stepdef.Userdata.username" type="cucumber.runtime.CucumberException">cucumber.runtime.CucumberException: No such field com.maxon.auto.stepdef.Userdata.username
</error>
  </testcase>
  <testcase name="Then I Mess it" classname="| Bad | Mess | Fires | Likes |" time="0">
    <skipped/>
  </testcase>
  <testcase name="And My boss Fires me" classname="| Bad | Mess | Fires | Likes |" time="0">
    <skipped/>
  </testcase>
  <testcase name="But The develope Likes me" classname="| Bad | Mess | Fires | Likes |" time="0">
    <skipped/>
  </testcase>
  <testcase name="Given I am a Avg tester" classname="| Avg | Sufficient | Congrats | Respects |" time="0"/>
  <testcase name="When I go to work Credentials" classname="| Avg | Sufficient | Congrats | Respects |" time="0.001">
    <error message="No such field com.maxon.auto.stepdef.Userdata.username" type="cucumber.runtime.CucumberException">cucumber.runtime.CucumberException: No such field com.maxon.auto.stepdef.Userdata.username
</error>
  </testcase>
  <testcase name="| Avg | Sufficient | Congrats | Respects |" classname="| Avg | Sufficient | Congrats | Respects |" time="0.001">
    <error message="No such field com.maxon.auto.stepdef.Userdata.username" type="cucumber.runtime.CucumberException">cucumber.runtime.CucumberException: No such field com.maxon.auto.stepdef.Userdata.username
</error>
  </testcase>
  <testcase name="Then I Sufficient it" classname="| Avg | Sufficient | Congrats | Respects |" time="0">
    <skipped/>
  </testcase>
  <testcase name="And My boss Congrats me" classname="| Avg | Sufficient | Congrats | Respects |" time="0">
    <skipped/>
  </testcase>
  <testcase name="But The develope Respects me" classname="| Avg | Sufficient | Congrats | Respects |" time="0">
    <skipped/>
  </testcase>
  <testcase name="Given I am on the zoo site" classname="| adoption_link | Adoption |" time="0">
    <skipped/>
  </testcase>
  <testcase name="When I click on adoption_link" classname="| adoption_link | Adoption |" time="0">
    <skipped/>
  </testcase>
  <testcase name="Then I check I am on Adoption" classname="| adoption_link | Adoption |" time="0">
    <skipped/>
  </testcase>
  <testcase name="And I close the browser" classname="| adoption_link | Adoption |" time="0">
    <skipped/>
  </testcase>
  <testcase name="| adoption_link | Adoption |" classname="| adoption_link | Adoption |" time="0">
    <skipped/>
  </testcase>
  <testcase name="| adoption_link | Adoption |" classname="| adoption_link | Adoption |" time="9.985"/>
  <testcase name="Given I am on the zoo site" classname="| about_link | About |" time="0">
    <skipped/>
  </testcase>
  <testcase name="When I click on about_link" classname="| about_link | About |" time="0">
    <skipped/>
  </testcase>
  <testcase name="Then I check I am on About" classname="| about_link | About |" time="0">
    <skipped/>
  </testcase>
  <testcase name="And I close the browser" classname="| about_link | About |" time="0">
    <skipped/>
  </testcase>
  <testcase name="| about_link | About |" classname="| about_link | About |" time="0">
    <skipped/>
  </testcase>
  <testcase name="| about_link | About |" classname="| about_link | About |" time="9.833"/>
  <testcase name="Given I am on the zoo site" classname="| contact_link | Contact |" time="0">
    <skipped/>
  </testcase>
  <testcase name="When I click on contact_link" classname="| contact_link | Contact |" time="0">
    <skipped/>
  </testcase>
  <testcase name="Then I check I am on Contact" classname="| contact_link | Contact |" time="0">
    <skipped/>
  </testcase>
  <testcase name="And I close the browser" classname="| contact_link | Contact |" time="0">
    <skipped/>
  </testcase>
  <testcase name="| contact_link | Contact |" classname="| contact_link | Contact |" time="0">
    <skipped/>
  </testcase>
  <testcase name="| contact_link | Contact |" classname="| contact_link | Contact |" time="9.554"/>
  <testcase name="Given I am on the zoo site" classname="| home_link | Home |" time="0">
    <skipped/>
  </testcase>
  <testcase name="When I click on home_link" classname="| home_link | Home |" time="0">
    <skipped/>
  </testcase>
  <testcase name="Then I check I am on Home" classname="| home_link | Home |" time="0">
    <skipped/>
  </testcase>
  <testcase name="And I close the browser" classname="| home_link | Home |" time="0">
    <skipped/>
  </testcase>
  <testcase name="| home_link | Home |" classname="| home_link | Home |" time="0">
    <skipped/>
  </testcase>
  <testcase name="| home_link | Home |" classname="| home_link | Home |" time="9.609"/>
  <testcase name="Given I am on the home page" classname="Scenario: Send Contact Message" time="0.002"/>
  <testcase name="When I navigate to Contact Page" classname="Scenario: Send Contact Message" time="0.001"/>
  <testcase name="And I fill form with Data" classname="Scenario: Send Contact Message" time="0"/>
  <testcase name="And I submit the information" classname="Scenario: Send Contact Message" time="0"/>
  <testcase name="Then I get a confirmation message" classname="Scenario: Send Contact Message" time="0"/>
  <testcase name="Scenario: Send Contact Message" classname="Scenario: Send Contact Message" time="0.69"/>
</testsuite>